<?xml version="1.0" encoding="UTF-8" standalone="no"?><templates><template autoinsert="true" context="java" deleted="false" description="" enabled="true" name="setup">${:import(org.junit.Before)}
@Before
public void setUp() {
  ${cursor}
}</template><template autoinsert="true" context="java" deleted="false" description="" enabled="true" name="teardown">${:import(org.junit.After)}
@After
public void tearDown() {
  ${cursor}
}</template><template autoinsert="false" context="java-members" deleted="false" description="test method" enabled="true" id="org.eclipse.jdt.ui.templates.test" name="test">${:import(org.junit.Test)}
@Test
public void test${name}() {
	${cursor} 
}</template></templates>